  query_builders.cpp
c:\users\lenovo\my work space\2017 fa\ve482\ve482-p2\src\query\../db/db_table.h(318): warning C4101: “e”: 未引用的局部变量
c:\users\lenovo\my work space\2017 fa\ve482\ve482-p2\src\query/min_query.h(15): error C2143: 语法错误: 缺少“;”(在“*”的前面)
c:\users\lenovo\my work space\2017 fa\ve482\ve482-p2\src\query/min_query.h(15): error C4430: 缺少类型说明符 - 假定为 int。注意: C++ 不支持默认 int
c:\users\lenovo\my work space\2017 fa\ve482\ve482-p2\src\query/min_query.h(15): error C2334: “{”的前面有意外标记；跳过明显的函数体
c:\users\lenovo\my work space\2017 fa\ve482\ve482-p2\src\query/max_query.h(15): error C2143: 语法错误: 缺少“;”(在“*”的前面)
c:\users\lenovo\my work space\2017 fa\ve482\ve482-p2\src\query/max_query.h(15): error C4430: 缺少类型说明符 - 假定为 int。注意: C++ 不支持默认 int
c:\users\lenovo\my work space\2017 fa\ve482\ve482-p2\src\query/max_query.h(15): error C2334: “{”的前面有意外标记；跳过明显的函数体
  sum_query.cpp
c:\users\lenovo\my work space\2017 fa\ve482\ve482-p2\src\query\../db/db_table.h(318): warning C4101: “e”: 未引用的局部变量
c:\users\lenovo\my work space\2017 fa\ve482\ve482-p2\src\query\sum_query.h(18): error C2143: 语法错误: 缺少“;”(在“*”的前面)
c:\users\lenovo\my work space\2017 fa\ve482\ve482-p2\src\query\sum_query.h(18): error C4430: 缺少类型说明符 - 假定为 int。注意: C++ 不支持默认 int
c:\users\lenovo\my work space\2017 fa\ve482\ve482-p2\src\query\sum_query.h(18): error C2334: “{”的前面有意外标记；跳过明显的函数体
query\sum_query.cpp(60): warning C4018: “<”: 有符号/无符号不匹配
query\sum_query.cpp(66): error C2039: “getTask”: 不是“SumQuery”的成员
  c:\users\lenovo\my work space\2017 fa\ve482\ve482-p2\src\query\sum_query.h(10): note: 参见“SumQuery”的声明
query\sum_query.cpp(66): error C2227: “->getFieldSums”的左边必须指向类/结构/联合/泛型类型
query\sum_query.cpp(66): error C2672: “std::move”: 未找到匹配的重载函数
query\sum_query.cpp(66): error C2780: “_OutTy *std::move(_InIt,_InIt,_OutTy (&)[_OutSize])”: 应输入 3 个参数，却提供了 1 个
  C:\Program Files (x86)\Microsoft Visual Studio 14.0\VC\include\xutility(2644): note: 参见“std::move”的声明
query\sum_query.cpp(66): error C2780: “_OutIt std::move(_InIt,_InIt,_OutIt)”: 应输入 3 个参数，却提供了 1 个
  C:\Program Files (x86)\Microsoft Visual Studio 14.0\VC\include\xutility(2633): note: 参见“std::move”的声明
query\sum_query.cpp(67): warning C4018: “<”: 有符号/无符号不匹配
query\sum_query.cpp(68): error C2039: “getTask”: 不是“SumQuery”的成员
  c:\users\lenovo\my work space\2017 fa\ve482\ve482-p2\src\query\sum_query.h(10): note: 参见“SumQuery”的声明
query\sum_query.cpp(69): warning C4018: “<”: 有符号/无符号不匹配
  min_query.cpp
c:\users\lenovo\my work space\2017 fa\ve482\ve482-p2\src\query\../db/db_table.h(318): warning C4101: “e”: 未引用的局部变量
c:\users\lenovo\my work space\2017 fa\ve482\ve482-p2\src\query\min_query.h(15): error C2143: 语法错误: 缺少“;”(在“*”的前面)
c:\users\lenovo\my work space\2017 fa\ve482\ve482-p2\src\query\min_query.h(15): error C4430: 缺少类型说明符 - 假定为 int。注意: C++ 不支持默认 int
c:\users\lenovo\my work space\2017 fa\ve482\ve482-p2\src\query\min_query.h(15): error C2334: “{”的前面有意外标记；跳过明显的函数体
query\min_query.cpp(53): warning C4018: “<”: 有符号/无符号不匹配
query\min_query.cpp(59): error C2039: “getTask”: 不是“MinQuery”的成员
  c:\users\lenovo\my work space\2017 fa\ve482\ve482-p2\src\query\min_query.h(7): note: 参见“MinQuery”的声明
query\min_query.cpp(59): error C2227: “->getFieldMin”的左边必须指向类/结构/联合/泛型类型
query\min_query.cpp(59): error C2672: “std::move”: 未找到匹配的重载函数
query\min_query.cpp(59): error C2780: “_OutTy *std::move(_InIt,_InIt,_OutTy (&)[_OutSize])”: 应输入 3 个参数，却提供了 1 个
  C:\Program Files (x86)\Microsoft Visual Studio 14.0\VC\include\xutility(2644): note: 参见“std::move”的声明
query\min_query.cpp(59): error C2780: “_OutIt std::move(_InIt,_InIt,_OutIt)”: 应输入 3 个参数，却提供了 1 个
  C:\Program Files (x86)\Microsoft Visual Studio 14.0\VC\include\xutility(2633): note: 参见“std::move”的声明
query\min_query.cpp(60): warning C4018: “<”: 有符号/无符号不匹配
query\min_query.cpp(61): error C2039: “getTask”: 不是“MinQuery”的成员
  c:\users\lenovo\my work space\2017 fa\ve482\ve482-p2\src\query\min_query.h(7): note: 参见“MinQuery”的声明
query\min_query.cpp(62): warning C4018: “<”: 有符号/无符号不匹配
query\min_query.cpp(72): warning C4244: “参数”: 从“float”转换到“const int”，可能丢失数据
  max_query.cpp
c:\users\lenovo\my work space\2017 fa\ve482\ve482-p2\src\query\../db/db_table.h(318): warning C4101: “e”: 未引用的局部变量
c:\users\lenovo\my work space\2017 fa\ve482\ve482-p2\src\query\max_query.h(15): error C2143: 语法错误: 缺少“;”(在“*”的前面)
c:\users\lenovo\my work space\2017 fa\ve482\ve482-p2\src\query\max_query.h(15): error C4430: 缺少类型说明符 - 假定为 int。注意: C++ 不支持默认 int
c:\users\lenovo\my work space\2017 fa\ve482\ve482-p2\src\query\max_query.h(15): error C2334: “{”的前面有意外标记；跳过明显的函数体
query\max_query.cpp(53): warning C4018: “<”: 有符号/无符号不匹配
query\max_query.cpp(59): error C2039: “getTask”: 不是“MaxQuery”的成员
  c:\users\lenovo\my work space\2017 fa\ve482\ve482-p2\src\query\max_query.h(7): note: 参见“MaxQuery”的声明
query\max_query.cpp(59): error C2227: “->getFieldMax”的左边必须指向类/结构/联合/泛型类型
query\max_query.cpp(59): error C2672: “std::move”: 未找到匹配的重载函数
query\max_query.cpp(59): error C2780: “_OutTy *std::move(_InIt,_InIt,_OutTy (&)[_OutSize])”: 应输入 3 个参数，却提供了 1 个
  C:\Program Files (x86)\Microsoft Visual Studio 14.0\VC\include\xutility(2644): note: 参见“std::move”的声明
query\max_query.cpp(59): error C2780: “_OutIt std::move(_InIt,_InIt,_OutIt)”: 应输入 3 个参数，却提供了 1 个
  C:\Program Files (x86)\Microsoft Visual Studio 14.0\VC\include\xutility(2633): note: 参见“std::move”的声明
query\max_query.cpp(60): warning C4018: “<”: 有符号/无符号不匹配
query\max_query.cpp(61): error C2039: “getTask”: 不是“MaxQuery”的成员
  c:\users\lenovo\my work space\2017 fa\ve482\ve482-p2\src\query\max_query.h(7): note: 参见“MaxQuery”的声明
query\max_query.cpp(62): warning C4018: “<”: 有符号/无符号不匹配
query\max_query.cpp(72): warning C4244: “参数”: 从“float”转换到“const int”，可能丢失数据
  insert_query .cpp
c:\users\lenovo\my work space\2017 fa\ve482\ve482-p2\src\query\../db/db_table.h(318): warning C4101: “e”: 未引用的局部变量
query\insert_query .cpp(23): warning C4101: “e”: 未引用的局部变量
query\insert_query .cpp(53): warning C4018: “<”: 有符号/无符号不匹配
query\insert_query .cpp(80): warning C4101: “e”: 未引用的局部变量
  duplicate_query.cpp
c:\users\lenovo\my work space\2017 fa\ve482\ve482-p2\src\query\duplicate_query.h(36): fatal error C1070: 文件“c:\users\lenovo\my work space\2017 fa\ve482\ve482-p2\src\query\duplicate_query.h”中的 #if/#endif 对不匹配
  count_query.cpp
c:\users\lenovo\my work space\2017 fa\ve482\ve482-p2\src\query\../db/db_table.h(318): warning C4101: “e”: 未引用的局部变量
query\count_query.cpp(22): warning C4101: “e”: 未引用的局部变量
query\count_query.cpp(52): warning C4018: “<”: 有符号/无符号不匹配
query\count_query.cpp(77): warning C4101: “e”: 未引用的局部变量
  正在生成代码...
